[2017-01-30 00:27:00] [SHADOWSOCKS]: I'm alive. However, Baidu gave me #0 & Google gave me #4. #ID: (1376),(0)
[2017-01-30 01:09:00] [SHADOWSOCKS]: I'm alive. However, Baidu gave me #0 & Google gave me #4. #ID: (1376),(0)
[2017-01-30 01:30:00] [SHADOWSOCKS]: I'm alive. However, Baidu gave me #0 & Google gave me #4. #ID: (1376),(0)
[2017-01-30 02:24:00] [SHADOWSOCKS]: I'm alive. However, Baidu gave me #0 & Google gave me #4. #ID: (1376),(0)
[2017-01-30 10:09:00] [SHADOWSOCKS]: I'm alive. However, Baidu gave me #0 & Google gave me #4. #ID: (1372),(0)
[2017-01-30 10:21:00] [SHADOWSOCKS]: I'm alive. However, Baidu gave me #0 & Google gave me #4. #ID: (1372),(0)
[2017-01-30 12:57:00] [SHADOWSOCKS]: I'm alive. However, Baidu gave me #0 & Google gave me #4. #ID: (1372),(0)
[2017-01-30 13:51:00] [SHADOWSOCKS]: I'm alive. However, Baidu gave me #0 & Google gave me #4. #ID: (1372),(0)
[2017-01-30 20:15:00] [SHADOWSOCKS]: I'm alive. However, Baidu gave me #0 & Google gave me #4. #ID: (1372),(0)
[2017-01-31 04:48:00] [SHADOWSOCKS]: I'm alive. However, Baidu gave me #4 & Google gave me #4. #ID: (1372),(0)
[2017-01-31 04:51:00] [SHADOWSOCKS]: I'm alive. However, Baidu gave me #4 & Google gave me #4. #ID: (1372),(0)
[2017-01-31 04:54:00] [SHADOWSOCKS]: I'm alive. However, Baidu gave me #4 & Google gave me #4. #ID: (1372),(0)
[2017-01-31 04:57:00] [SHADOWSOCKS]: I'm alive. However, Baidu gave me #4 & Google gave me #4. #ID: (1372),(0)
[2017-01-31 10:12:00] [SHADOWSOCKS]: I'm alive. However, Baidu gave me #0 & Google gave me #4. #ID: (1372),(0)
[2017-01-31 17:39:00] [SHADOWSOCKS]: I'm alive. However, Baidu gave me #0 & Google gave me #4. #ID: (1372),(0)
[2017-01-31 17:42:00] [SHADOWSOCKS]: I'm alive. However, Baidu gave me #0 & Google gave me #4. #ID: (1372),(0)
[2017-01-31 17:45:00] [SHADOWSOCKS]: I'm alive. However, Baidu gave me #0 & Google gave me #4. #ID: (1372),(0)
[2017-01-31 17:48:00] [SHADOWSOCKS]: I'm alive. However, Baidu gave me #0 & Google gave me #4. #ID: (1372),(0)
[2017-01-31 17:51:00] [SHADOWSOCKS]: I'm alive. However, Baidu gave me #0 & Google gave me #4. #ID: (1372),(0)
[2017-01-31 17:54:00] [SHADOWSOCKS]: I'm alive. However, Baidu gave me #0 & Google gave me #4. #ID: (1372),(0)
[2017-01-31 18:00:00] [SHADOWSOCKS]: I'm alive. However, Baidu gave me #0 & Google gave me #4. #ID: (1372),(0)
[2017-01-31 18:03:00] [SHADOWSOCKS]: I'm alive. However, Baidu gave me #0 & Google gave me #4. #ID: (1372),(0)
[2017-01-31 18:36:00] [SHADOWSOCKS]: I'm alive. However, Baidu gave me #0 & Google gave me #4. #ID: (1372),(0)
[2017-02-01 04:48:00] [SHADOWSOCKS]: I'm alive. However, Baidu gave me #4 & Google gave me #4. #ID: (1372),(0)
[2017-02-01 04:51:00] [SHADOWSOCKS]: I'm alive. However, Baidu gave me #4 & Google gave me #4. #ID: (1372),(0)
[2017-02-01 04:54:00] [SHADOWSOCKS]: I'm alive. However, Baidu gave me #4 & Google gave me #4. #ID: (1372),(0)
[2017-02-01 04:57:00] [SHADOWSOCKS]: I'm alive. However, Baidu gave me #4 & Google gave me #4. #ID: (1372),(0)
[2017-02-01 13:36:00] [SHADOWSOCKS]: I'm alive. However, Baidu gave me #0 & Google gave me #4. #ID: (1372),(0)
[2017-02-01 19:57:00] [SHADOWSOCKS]: I'm alive. However, Baidu gave me #0 & Google gave me #4. #ID: (1372),(0)
[2017-02-01 21:27:00] [SHADOWSOCKS]: I'm alive. However, Baidu gave me #0 & Google gave me #4. #ID: (1372),(0)
[2017-02-01 22:36:00] [SHADOWSOCKS]: I'm alive. However, Baidu gave me #0 & Google gave me #4. #ID: (1372),(0)
[2017-02-01 22:39:00] [SHADOWSOCKS]: I'm alive. However, Baidu gave me #0 & Google gave me #4. #ID: (1372),(0)
[2017-02-02 04:45:00] [SHADOWSOCKS]: I'm alive. However, Baidu gave me #4 & Google gave me #4. #ID: (1372),(0)
[2017-02-02 04:48:00] [SHADOWSOCKS]: I'm alive. However, Baidu gave me #4 & Google gave me #4. #ID: (1372),(0)
[2017-02-02 04:51:00] [SHADOWSOCKS]: I'm alive. However, Baidu gave me #4 & Google gave me #4. #ID: (1372),(0)
[2017-02-02 04:54:00] [SHADOWSOCKS]: I'm alive. However, Baidu gave me #4 & Google gave me #4. #ID: (1372),(0)
[2017-02-02 04:57:00] [SHADOWSOCKS]: I'm alive. However, Baidu gave me #4 & Google gave me #4. #ID: (1372),(0)
[2017-02-02 15:48:00] [SHADOWSOCKS]: I'm alive. However, Baidu gave me #4 & Google gave me #4. #ID: (1372),(0)
[2017-02-02 20:42:00] [SHADOWSOCKS]: I'm alive. However, Baidu gave me #0 & Google gave me #4. #ID: (1372),(0)
[2017-02-02 21:27:00] [SHADOWSOCKS]: I'm alive. However, Baidu gave me #0 & Google gave me #4. #ID: (1372),(0)
[2017-02-02 21:48:00] [SHADOWSOCKS]: I'm alive. However, Baidu gave me #0 & Google gave me #4. #ID: (1372),(0)
[2017-02-02 22:09:00] [SHADOWSOCKS]: I'm alive. However, Baidu gave me #0 & Google gave me #4. #ID: (1372),(0)
[2017-02-02 22:30:00] [SHADOWSOCKS]: I'm alive. However, Baidu gave me #0 & Google gave me #4. #ID: (1372),(0)
[2017-02-03 00:03:00] [SHADOWSOCKS]: I'm alive. However, Baidu gave me #0 & Google gave me #4. #ID: (1372),(0)
[2017-02-03 04:45:00] [SHADOWSOCKS]: I'm alive. However, Baidu gave me #4 & Google gave me #4. #ID: (1372),(0)
[2017-02-03 04:48:00] [SHADOWSOCKS]: I'm alive. However, Baidu gave me #4 & Google gave me #4. #ID: (1372),(0)
[2017-02-03 04:51:00] [SHADOWSOCKS]: I'm alive. However, Baidu gave me #4 & Google gave me #4. #ID: (1372),(0)
[2017-02-03 04:54:00] [SHADOWSOCKS]: I'm alive. However, Baidu gave me #4 & Google gave me #4. #ID: (1372),(0)
[2017-02-03 04:57:00] [SHADOWSOCKS]: I'm alive. However, Baidu gave me #4 & Google gave me #4. #ID: (1372),(0)
[2017-02-03 08:00:00] [SHADOWSOCKS]: I'm alive. However, Baidu gave me #0 & Google gave me #4. #ID: (1372),(0)
[2017-02-03 10:51:00] [SHADOWSOCKS]: I'm alive. However, Baidu gave me #0 & Google gave me #4. #ID: (1372),(0)
[2017-02-03 11:03:00] [SHADOWSOCKS]: I'm alive. However, Baidu gave me #0 & Google gave me #4. #ID: (1372),(0)
[2017-02-03 11:24:00] [SHADOWSOCKS]: I'm alive. However, Baidu gave me #0 & Google gave me #4. #ID: (1372),(0)
[2017-02-03 12:09:00] [SHADOWSOCKS]: I'm alive. However, Baidu gave me #0 & Google gave me #4. #ID: (1372),(0)
[2017-02-03 12:12:00] [SHADOWSOCKS]: I'm alive. However, Baidu gave me #0 & Google gave me #4. #ID: (1372),(0)
[2017-02-03 16:24:00] [SHADOWSOCKS]: I'm alive. However, Baidu gave me #0 & Google gave me #4. #ID: (1372),(0)
[2017-02-03 16:27:00] [SHADOWSOCKS]: I'm alive. However, Baidu gave me #0 & Google gave me #4. #ID: (1372),(0)
[2017-02-03 16:30:00] [SHADOWSOCKS]: I'm alive. However, Baidu gave me #0 & Google gave me #4. #ID: (1372),(0)
[2017-02-03 19:09:00] [SHADOWSOCKS]: I'm alive. However, Baidu gave me #0 & Google gave me #4. #ID: (1372),(0)
[2017-02-03 19:12:00] [SHADOWSOCKS]: I'm alive. However, Baidu gave me #0 & Google gave me #4. #ID: (1372),(0)
[2017-02-03 19:15:27] [SHADOWSOCKS]: I'm alive. However, Baidu gave me #0 & Google gave me #4. #ID: (1351),(0)
[2017-02-03 19:18:00] [SHADOWSOCKS]: I'm alive. However, Baidu gave me #0 & Google gave me #4. #ID: (1351),(0)
[2017-02-03 19:24:00] [SHADOWSOCKS]: I'm alive. However, Baidu gave me #0 & Google gave me #4. #ID: (1351),(0)
[2017-02-03 22:15:00] [SHADOWSOCKS]: I'm alive. However, Baidu gave me #0 & Google gave me #4. #ID: (1351),(0)
[2017-02-03 23:06:00] [SHADOWSOCKS]: I'm alive. However, Baidu gave me #0 & Google gave me #4. #ID: (1351),(0)
[2017-02-03 23:33:00] [SHADOWSOCKS]: I'm alive. However, Baidu gave me #0 & Google gave me #4. #ID: (1351),(0)
[2017-02-04 04:45:00] [SHADOWSOCKS]: I'm alive. However, Baidu gave me #4 & Google gave me #4. #ID: (1351),(0)
[2017-02-04 04:48:00] [SHADOWSOCKS]: I'm alive. However, Baidu gave me #4 & Google gave me #4. #ID: (1351),(0)
[2017-02-04 04:51:00] [SHADOWSOCKS]: I'm alive. However, Baidu gave me #4 & Google gave me #4. #ID: (1351),(0)
[2017-02-04 04:54:00] [SHADOWSOCKS]: I'm alive. However, Baidu gave me #4 & Google gave me #4. #ID: (1351),(0)
[2017-02-04 04:57:00] [SHADOWSOCKS]: I'm alive. However, Baidu gave me #4 & Google gave me #4. #ID: (1351),(0)
[2017-02-04 11:30:00] [SHADOWSOCKS]: I'm alive. However, Baidu gave me #0 & Google gave me #4. #ID: (1351),(0)
[2017-02-04 11:45:00] [SHADOWSOCKS]: I'm alive. However, Baidu gave me #0 & Google gave me #4. #ID: (1351),(0)
[2017-02-04 13:21:00] [SHADOWSOCKS]: I'm alive. However, Baidu gave me #0 & Google gave me #4. #ID: (1351),(0)
[2017-02-04 13:42:00] [SHADOWSOCKS]: I'm alive. However, Baidu gave me #0 & Google gave me #4. #ID: (1351),(0)
[2017-02-04 13:45:00] [SHADOWSOCKS]: I'm alive. However, Baidu gave me #0 & Google gave me #4. #ID: (1351),(0)
[2017-02-04 13:51:00] [SHADOWSOCKS]: I'm alive. However, Baidu gave me #0 & Google gave me #4. #ID: (1351),(0)
[2017-02-04 15:09:00] [SHADOWSOCKS]: I'm alive. However, Baidu gave me #0 & Google gave me #4. #ID: (1351),(0)
[2017-02-04 17:39:00] [SHADOWSOCKS]: I'm alive. However, Baidu gave me #0 & Google gave me #4. #ID: (1351),(0)
[2017-02-04 18:42:00] [SHADOWSOCKS]: I'm alive. However, Baidu gave me #4 & Google gave me #4. #ID: (1351),(0)
[2017-02-04 19:00:00] [SHADOWSOCKS]: I'm alive. However, Baidu gave me #0 & Google gave me #4. #ID: (1351),(0)
[2017-02-04 19:51:00] [SHADOWSOCKS]: I'm alive. However, Baidu gave me #0 & Google gave me #4. #ID: (1351),(0)
[2017-02-04 20:09:00] [SHADOWSOCKS]: I'm alive. However, Baidu gave me #0 & Google gave me #4. #ID: (1351),(0)
[2017-02-04 21:15:00] [SHADOWSOCKS]: I'm alive. However, Baidu gave me #4 & Google gave me #4. #ID: (1351),(0)
[2017-02-04 21:18:00] [SHADOWSOCKS]: I'm alive. However, Baidu gave me #4 & Google gave me #4. #ID: (1351),(0)
[2017-02-04 21:21:00] [SHADOWSOCKS]: I'm alive. However, Baidu gave me #4 & Google gave me #4. #ID: (1351),(0)
[2017-02-04 21:24:00] [SHADOWSOCKS]: I'm alive. However, Baidu gave me #4 & Google gave me #4. #ID: (1351),(0)
[2017-02-04 21:27:00] [SHADOWSOCKS]: I'm alive. However, Baidu gave me #4 & Google gave me #4. #ID: (1351),(0)
[2017-02-04 21:54:00] [SHADOWSOCKS]: I'm alive. However, Baidu gave me #4 & Google gave me #4. #ID: (1351),(0)
[2017-02-04 22:18:00] [SHADOWSOCKS]: I'm alive. However, Baidu gave me #4 & Google gave me #4. #ID: (1351),(0)
[2017-02-04 22:24:00] [SHADOWSOCKS]: I'm alive. However, Baidu gave me #0 & Google gave me #4. #ID: (1351),(0)
[2017-02-04 22:27:00] [SHADOWSOCKS]: I'm alive. However, Baidu gave me #0 & Google gave me #4. #ID: (1351),(0)
[2017-02-04 22:42:00] [SHADOWSOCKS]: I'm alive. However, Baidu gave me #0 & Google gave me #4. #ID: (1351),(0)
[2017-02-04 22:57:00] [SHADOWSOCKS]: I'm alive. However, Baidu gave me #4 & Google gave me #4. #ID: (1351),(0)
[2017-02-04 23:00:00] [SHADOWSOCKS]: I'm alive. However, Baidu gave me #4 & Google gave me #4. #ID: (1351),(0)
[2017-02-04 23:03:00] [SHADOWSOCKS]: I'm alive. However, Baidu gave me #4 & Google gave me #4. #ID: (1351),(0)
[2017-02-04 23:18:00] [SHADOWSOCKS]: I'm alive. However, Baidu gave me #4 & Google gave me #4. #ID: (1351),(0)
[2017-02-04 23:27:00] [SHADOWSOCKS]: I'm alive. However, Baidu gave me #4 & Google gave me #4. #ID: (1351),(0)
[2017-02-04 23:30:00] [SHADOWSOCKS]: I'm alive. However, Baidu gave me #4 & Google gave me #4. #ID: (1351),(0)
[2017-02-04 23:33:00] [SHADOWSOCKS]: I'm alive. However, Baidu gave me #4 & Google gave me #4. #ID: (1351),(0)
[2017-02-04 23:36:00] [SHADOWSOCKS]: I'm alive. However, Baidu gave me #4 & Google gave me #4. #ID: (1351),(0)
[2017-02-04 23:39:00] [SHADOWSOCKS]: I'm alive. However, Baidu gave me #4 & Google gave me #4. #ID: (1351),(0)
[2017-02-04 23:42:00] [SHADOWSOCKS]: I'm alive. However, Baidu gave me #4 & Google gave me #4. #ID: (1351),(0)
[2017-02-05 00:06:00] [SHADOWSOCKS]: I'm alive. However, Baidu gave me #4 & Google gave me #4. #ID: (1351),(0)
[2017-02-05 00:24:00] [SHADOWSOCKS]: I'm alive. However, Baidu gave me #4 & Google gave me #4. #ID: (1351),(0)
[2017-02-05 00:30:00] [SHADOWSOCKS]: I'm alive. However, Baidu gave me #0 & Google gave me #4. #ID: (1351),(0)
[2017-02-05 01:36:00] [SHADOWSOCKS]: I'm alive. However, Baidu gave me #0 & Google gave me #4. #ID: (1351),(0)
[2017-02-05 04:48:00] [SHADOWSOCKS]: I'm alive. However, Baidu gave me #4 & Google gave me #4. #ID: (1351),(0)
[2017-02-05 04:51:00] [SHADOWSOCKS]: I'm alive. However, Baidu gave me #4 & Google gave me #4. #ID: (1351),(0)
[2017-02-05 04:54:00] [SHADOWSOCKS]: I'm alive. However, Baidu gave me #4 & Google gave me #4. #ID: (1351),(0)
[2017-02-05 04:57:00] [SHADOWSOCKS]: I'm alive. However, Baidu gave me #4 & Google gave me #4. #ID: (1351),(0)
[2017-02-05 09:42:00] [SHADOWSOCKS]: I'm alive. However, Baidu gave me #4 & Google gave me #4. #ID: (1351),(0)
[2017-02-05 10:21:00] [SHADOWSOCKS]: I'm alive. However, Baidu gave me #4 & Google gave me #4. #ID: (1351),(0)
[2017-02-05 10:24:00] [SHADOWSOCKS]: I'm alive. However, Baidu gave me #4 & Google gave me #4. #ID: (1351),(0)
[2017-02-05 10:45:00] [SHADOWSOCKS]: I'm alive. However, Baidu gave me #4 & Google gave me #4. #ID: (1382),(0)
[2017-02-05 10:48:00] [SHADOWSOCKS]: I'm alive. However, Baidu gave me #4 & Google gave me #4. #ID: (1382),(0)
[2017-02-05 14:27:00] [SHADOWSOCKS]: The service is not started. #(0).
[2017-02-05 14:27:00] [SHADOWSOCKS]: The service was good last time. #(0).
[2017-02-05 14:27:00] [SHADOWSOCKS]: Couldn't start the service. #(1) please check manually.
[2017-02-05 14:30:00] [SHADOWSOCKS]: NEW Connected. #ID: (2127),(0)
[2017-02-05 17:09:00] [SHADOWSOCKS]: I'm alive. However, Baidu gave me #0 & Google gave me #4. #ID: (1382),(0)
[2017-02-05 17:48:48] [SHADOWSOCKS]: I'm alive. However, Baidu gave me #0 & Google gave me #4. #ID: (1420),(0)
[2017-02-05 17:51:00] [SHADOWSOCKS]: I'm alive. However, Baidu gave me #0 & Google gave me #4. #ID: (1420),(0)
[2017-02-05 17:54:00] [SHADOWSOCKS]: I'm alive. However, Baidu gave me #0 & Google gave me #4. #ID: (1420),(0)
[2017-02-05 17:57:00] [SHADOWSOCKS]: I'm alive. However, Baidu gave me #0 & Google gave me #4. #ID: (1420),(0)
[2017-02-05 18:00:00] [SHADOWSOCKS]: I'm alive. However, Baidu gave me #0 & Google gave me #4. #ID: (1420),(0)
[2017-02-05 18:03:00] [SHADOWSOCKS]: I'm alive. However, Baidu gave me #0 & Google gave me #4. #ID: (1420),(0)
[2017-02-05 18:06:00] [SHADOWSOCKS]: I'm alive. However, Baidu gave me #0 & Google gave me #4. #ID: (1917),(0)
[2017-02-05 18:09:00] [SHADOWSOCKS]: I'm alive. However, Baidu gave me #0 & Google gave me #4. #ID: (1917),(0)
[2017-02-05 18:12:00] [SHADOWSOCKS]: I'm alive. However, Baidu gave me #0 & Google gave me #4. #ID: (1917),(0)
[2017-02-05 18:15:00] [SHADOWSOCKS]: I'm alive. However, Baidu gave me #0 & Google gave me #4. #ID: (1917),(0)
[2017-02-05 18:18:00] [SHADOWSOCKS]: I'm alive. However, Baidu gave me #0 & Google gave me #4. #ID: (1917),(0)
[2017-02-05 18:21:00] [SHADOWSOCKS]: I'm alive. However, Baidu gave me #0 & Google gave me #4. #ID: (1917),(0)
[2017-02-05 18:24:00] [SHADOWSOCKS]: I'm alive. However, Baidu gave me #0 & Google gave me #4. #ID: (1917),(0)
[2017-02-05 18:27:00] [SHADOWSOCKS]: I'm alive. However, Baidu gave me #0 & Google gave me #4. #ID: (1917),(0)
[2017-02-05 18:30:00] [SHADOWSOCKS]: I'm alive. However, Baidu gave me #0 & Google gave me #4. #ID: (1431),(0)
[2017-02-05 18:33:00] [SHADOWSOCKS]: I'm alive. However, Baidu gave me #0 & Google gave me #4. #ID: (1431),(0)
[2017-02-05 18:36:00] [SHADOWSOCKS]: I'm alive. However, Baidu gave me #0 & Google gave me #4. #ID: (1890),(0)
[2017-02-05 18:39:00] [SHADOWSOCKS]: I'm alive. However, Baidu gave me #0 & Google gave me #4. #ID: (1890),(0)
[2017-02-05 18:42:00] [SHADOWSOCKS]: I'm alive. However, Baidu gave me #0 & Google gave me #4. #ID: (1890),(0)
[2017-02-05 18:45:00] [SHADOWSOCKS]: I'm alive. However, Baidu gave me #0 & Google gave me #4. #ID: (1890),(0)
[2017-02-05 18:48:00] [SHADOWSOCKS]: I'm alive. However, Baidu gave me #0 & Google gave me #4. #ID: (1890),(0)
[2017-02-05 18:54:00] [SHADOWSOCKS]: The service is not started. #(0).
[2017-02-05 18:54:00] [SHADOWSOCKS]: The service was good last time. #(0).
[2017-02-05 18:57:00] [SHADOWSOCKS]: NEW Connected. #ID: (1436),(0)
[2017-02-05 19:09:33] [SHADOWSOCKS]: The service is not started. #(0).
[2017-02-05 19:09:33] [SHADOWSOCKS]: The service was good last time. #(0).
[2017-02-05 19:09:33] [SHADOWSOCKS]: Couldn't start the service. #(1) please check manually.
